
Loading the model ...
  input file   : /tmp/Rtmpgteejh/vignette.pomdpx
  loading time : 2.90s 

SARSOP initializing ...
  initialization time : 52.96s

-------------------------------------------------------------------------------
 Time   |#Trial |#Backup |LBound    |UBound    |Precision  |#Alphas |#Beliefs  
-------------------------------------------------------------------------------
 52.96   0       0        2.59337    4.74731    2.15394     50       1        
 96.25   3       50       4.10421    4.59523    0.491019    30       23       
 263.67  6       109      4.1927     4.5943     0.401598    29       45       
 365.23  8       150      4.21742    4.59331    0.375888    29       54       
 617.24  11      200      4.23134    4.59286    0.361522    29       73       
 841.56  13      251      4.24753    4.58963    0.342106    25       88       
 1227.97 15      300      4.25327    4.58931    0.336041    29       109      
 1571.58 18      355      4.26011    4.58753    0.327414    21       125      
 1897.75 20      400      4.26227    4.5873     0.325024    26       138      
 2361.77 23      451      4.2659     4.58711    0.321207    29       155      
 2917.69 26      505      4.26758    4.58693    0.319353    27       172      
 3605.17 28      550      4.27024    4.58645    0.316208    20       192      
 4104.39 31      600      4.27218    4.58638    0.314205    28       205      
 4773.87 34      653      4.27582    4.58558    0.309755    21       222      
 5559.11 37      707      4.27749    4.58546    0.30797     28       240      
 6316.86 39      750      4.27791    4.58542    0.307506    34       256      
 7006.91 42      800      4.27818    4.5853     0.307114    45       269      
 7993.17 45      855      4.28011    4.58362    0.303504    43       288      
 8678.66 48      900      4.28049    4.5836     0.303105    46       300      
 9405.79 50      950      4.2811     4.58354    0.302445    45       312      
 10016.3 53      1000     4.2816     4.58342    0.301823    49       322      
 10677.9 56      1051     4.2821     4.58339    0.301293    47       333      
 11906.6 59      1103     4.28247    4.58316    0.300691    50       348      
 13126.5 62      1155     4.28329    4.58314    0.299855    58       363      
 14660.8 64      1200     4.28342    4.58307    0.299649    65       381      
 15887.9 67      1250     4.28449    4.58267    0.298179    55       395      
 16656.9 70      1300     4.28461    4.58266    0.298048    65       405      
 18384.7 73      1350     4.28478    4.58258    0.297793    53       425      
 19470.6 76      1401     4.28536    4.58126    0.295899    46       439      
 20762.3 79      1451     4.28605    4.58122    0.295167    57       454      
-------------------------------------------------------------------------------

SARSOP finishing ...
  Preset timeout reached
  Timeout     : 20000.000000s
  Actual Time : 20762.290000s

-------------------------------------------------------------------------------
 Time   |#Trial |#Backup |LBound    |UBound    |Precision  |#Alphas |#Beliefs  
-------------------------------------------------------------------------------
 20762.3 79      1451     4.28605    4.58122    0.295167    57       454      
-------------------------------------------------------------------------------

Writing out policy ...
  output file : /tmp/Rtmpgteejh/vignette.policyx

